<?xml version="1.0" encoding="UTF-8"?>
<testsuite xmlns:xsi="http://www.w3.org/2001/XMLSchema-instance" xsi:noNamespaceSchemaLocation="https://maven.apache.org/surefire/maven-surefire-plugin/xsd/surefire-test-report.xsd" name="TestSuite" time="2.761" tests="2" errors="0" skipped="0" failures="2">
  <properties>
[...]
</properties>
  <testcase name="runSuite" classname="com.letzautomate.driver.Driver" time="1.207">
    <failure message="Unable to create new service: ChromeDriverService&#10;Build info: version: &apos;3.14.0&apos;, revision: &apos;aacccce0&apos;, time: &apos;2018-08-02T20:13:22.693Z&apos;&#10;System info: host: &apos;DESKTOP-IGVL082&apos;, ip: &apos;192.168.56.1&apos;, os.name: &apos;Windows 10&apos;, os.arch: &apos;amd64&apos;, os.version: &apos;10.0&apos;, java.version: &apos;1.8.0_171&apos;&#10;Driver info: driver.version: unknown&#10;Command duration or timeout: 174 milliseconds" type="org.openqa.selenium.SessionNotCreatedException">org.openqa.selenium.SessionNotCreatedException: 
Unable to create new service: ChromeDriverService
Build info: version: '3.14.0', revision: 'aacccce0', time: '2018-08-02T20:13:22.693Z'
System info: host: 'DESKTOP-IGVL082', ip: '192.168.56.1', os.name: 'Windows 10', os.arch: 'amd64', os.version: '10.0', java.version: '1.8.0_171'
Driver info: driver.version: unknown
Command duration or timeout: 174 milliseconds
	at com.letzautomate.driver.Driver.runSuite(Driver.java:62)
Caused by: org.openqa.selenium.SessionNotCreatedException: 
Unable to create new service: ChromeDriverService
Build info: version: '3.14.0', revision: 'aacccce0', time: '2018-08-02T20:13:22.693Z'
System info: host: 'DESKTOP-IGVL082', ip: '192.168.56.1', os.name: 'Windows 10', os.arch: 'amd64', os.version: '10.0', java.version: '1.8.0_171'
Driver info: driver.version: unknown
Build info: version: '3.14.0', revision: 'aacccce0', time: '2018-08-02T20:19:58.91Z'
System info: host: 'DESKTOP-IGVL082', ip: '192.168.56.1', os.name: 'Windows 10', os.arch: 'amd64', os.version: '10.0', java.version: '1.8.0_171'
Driver info: driver.version: unknown
</failure>
  </testcase>
  <testcase name="quitDriver" classname="com.letzautomate.driver.Driver" time="1.21">
    <failure type="java.lang.NullPointerException">java.lang.NullPointerException
	at com.letzautomate.driver.Driver.quitDriver(Driver.java:102)
</failure>
  </testcase>
</testsuite>