<?xml version="1.0" encoding="UTF-8"?>
<testng-results skipped="0" failed="0" ignored="0" total="1" passed="1">
  <reporter-output>
  </reporter-output>
  <suite name="Suite" duration-ms="8027" started-at="2018-10-06T16:40:05Z" finished-at="2018-10-06T16:40:13Z">
    <groups>
    </groups>
    <test name="Test" duration-ms="8027" started-at="2018-10-06T16:40:05Z" finished-at="2018-10-06T16:40:13Z">
      <class name="com.letzautomate.driver.Driver">
        <test-method status="PASS" signature="runSuite(java.lang.String, java.lang.String, java.lang.String)[pri:0, instance:com.letzautomate.driver.Driver@204f30ec]" name="runSuite" duration-ms="7683" started-at="2018-10-06T16:40:05Z" finished-at="2018-10-06T16:40:13Z">
          <params>
            <param index="0">
              <value>
                <![CDATA[CHROME]]>
              </value>
            </param>
            <param index="1">
              <value>
                <![CDATA[testcasesDB]]>
              </value>
            </param>
            <param index="2">
              <value>
                <![CDATA[http://localhost:5555/wd/hub]]>
              </value>
            </param>
          </params>
          <reporter-output>
          </reporter-output>
        </test-method> <!-- runSuite -->
        <test-method status="PASS" signature="quitDriver()[pri:0, instance:com.letzautomate.driver.Driver@204f30ec]" name="quitDriver" is-config="true" duration-ms="242" started-at="2018-10-06T16:40:13Z" finished-at="2018-10-06T16:40:13Z">
          <reporter-output>
          </reporter-output>
        </test-method> <!-- quitDriver -->
      </class> <!-- com.letzautomate.driver.Driver -->
    </test> <!-- Test -->
  </suite> <!-- Suite -->
</testng-results>
